BUILDING
HelloWorld.cpp:1:17: warning: using directive refers to implicitly-defined namespace 'std'
using namespace std;
                ^
1 warning generated.
Undefined symbols for architecture x86_64:
  "std::__1::locale::use_facet(std::__1::locale::id&) const", referenced from:
      std::__1::basic_ostream<char, std::__1::char_traits<char> >& std::__1::endl<char, std::__1::char_traits<char> >(std::__1::basic_ostream<char, std::__1::char_traits<char> >&) in BiggestUnInt.o
      std::__1::basic_ostream<char, std::__1::char_traits<char> >& std::__1::__put_character_sequence<char, std::__1::char_traits<char> >(std::__1::basic_ostream<char, std::__1::char_traits<char> >&, char const*, unsigned long) in BiggestUnInt.o
      std::__1::basic_ostream<char, std::__1::char_traits<char> >& std::__1::__put_character_sequence<char, std::__1::char_traits<char> >(std::__1::basic_ostream<char, std::__1::char_traits<char> >&, char const*, unsigned long) in HelloWorld.o
      std::__1::basic_ostream<char, std::__1::char_traits<char> >& std::__1::endl<char, std::__1::char_traits<char> >(std::__1::basic_ostream<char, std::__1::char_traits<char> >&) in RandDemo.o
      std::__1::basic_ostream<char, std::__1::char_traits<char> >& std::__1::__put_character_sequence<char, std::__1::char_traits<char> >(std::__1::basic_ostream<char, std::__1::char_traits<char> >&, char const*, unsigned long) in RandDemo.o
      std::__1::basic_ostream<char, std::__1::char_traits<char> >& std::__1::endl<char, std::__1::char_traits<char> >(std::__1::basic_ostream<char, std::__1::char_traits<char> >&) in SimpleClass.o
      std::__1::basic_ostream<char, std::__1::char_traits<char> >& std::__1::__put_character_sequence<char, std::__1::char_traits<char> >(std::__1::basic_ostream<char, std::__1::char_traits<char> >&, char const*, unsigned long) in SimpleClass.o
      ...
  "std::__1::ios_base::getloc() const", referenced from:
      std::__1::basic_ostream<char, std::__1::char_traits<char> >& std::__1::endl<char, std::__1::char_traits<char> >(std::__1::basic_ostream<char, std::__1::char_traits<char> >&) in BiggestUnInt.o
      std::__1::basic_ostream<char, std::__1::char_traits<char> >& std::__1::__put_character_sequence<char, std::__1::char_traits<char> >(std::__1::basic_ostream<char, std::__1::char_traits<char> >&, char const*, unsigned long) in BiggestUnInt.o
      std::__1::basic_ostream<char, std::__1::char_traits<char> >& std::__1::__put_character_sequence<char, std::__1::char_traits<char> >(std::__1::basic_ostream<char, std::__1::char_traits<char> >&, char const*, unsigned long) in HelloWorld.o
      std::__1::basic_ostream<char, std::__1::char_traits<char> >& std::__1::endl<char, std::__1::char_traits<char> >(std::__1::basic_ostream<char, std::__1::char_traits<char> >&) in RandDemo.o
      std::__1::basic_ostream<char, std::__1::char_traits<char> >& std::__1::__put_character_sequence<char, std::__1::char_traits<char> >(std::__1::basic_ostream<char, std::__1::char_traits<char> >&, char const*, unsigned long) in RandDemo.o
      std::__1::basic_ostream<char, std::__1::char_traits<char> >& std::__1::endl<char, std::__1::char_traits<char> >(std::__1::basic_ostream<char, std::__1::char_traits<char> >&) in SimpleClass.o
      std::__1::basic_ostream<char, std::__1::char_traits<char> >& std::__1::__put_character_sequence<char, std::__1::char_traits<char> >(std::__1::basic_ostream<char, std::__1::char_traits<char> >&, char const*, unsigned long) in SimpleClass.o
      ...
  "std::__1::basic_string<char, std::__1::char_traits<char>, std::__1::allocator<char> >::__init(unsigned long, char)", referenced from:
      std::__1::ostreambuf_iterator<char, std::__1::char_traits<char> > std::__1::__pad_and_output<char, std::__1::char_traits<char> >(std::__1::ostreambuf_iterator<char, std::__1::char_traits<char> >, char const*, char const*, char const*, std::__1::ios_base&, char) in BiggestUnInt.o
      std::__1::ostreambuf_iterator<char, std::__1::char_traits<char> > std::__1::__pad_and_output<char, std::__1::char_traits<char> >(std::__1::ostreambuf_iterator<char, std::__1::char_traits<char> >, char const*, char const*, char const*, std::__1::ios_base&, char) in HelloWorld.o
      std::__1::ostreambuf_iterator<char, std::__1::char_traits<char> > std::__1::__pad_and_output<char, std::__1::char_traits<char> >(std::__1::ostreambuf_iterator<char, std::__1::char_traits<char> >, char const*, char const*, char const*, std::__1::ios_base&, char) in RandDemo.o
      std::__1::ostreambuf_iterator<char, std::__1::char_traits<char> > std::__1::__pad_and_output<char, std::__1::char_traits<char> >(std::__1::ostreambuf_iterator<char, std::__1::char_traits<char> >, char const*, char const*, char const*, std::__1::ios_base&, char) in SimpleClass.o
  "std::__1::basic_string<char, std::__1::char_traits<char>, std::__1::allocator<char> >::~basic_string()", referenced from:
      std::__1::ostreambuf_iterator<char, std::__1::char_traits<char> > std::__1::__pad_and_output<char, std::__1::char_traits<char> >(std::__1::ostreambuf_iterator<char, std::__1::char_traits<char> >, char const*, char const*, char const*, std::__1::ios_base&, char) in BiggestUnInt.o
      std::__1::ostreambuf_iterator<char, std::__1::char_traits<char> > std::__1::__pad_and_output<char, std::__1::char_traits<char> >(std::__1::ostreambuf_iterator<char, std::__1::char_traits<char> >, char const*, char const*, char const*, std::__1::ios_base&, char) in HelloWorld.o
      std::__1::ostreambuf_iterator<char, std::__1::char_traits<char> > std::__1::__pad_and_output<char, std::__1::char_traits<char> >(std::__1::ostreambuf_iterator<char, std::__1::char_traits<char> >, char const*, char const*, char const*, std::__1::ios_base&, char) in RandDemo.o
      std::__1::ostreambuf_iterator<char, std::__1::char_traits<char> > std::__1::__pad_and_output<char, std::__1::char_traits<char> >(std::__1::ostreambuf_iterator<char, std::__1::char_traits<char> >, char const*, char const*, char const*, std::__1::ios_base&, char) in SimpleClass.o
  "std::__1::basic_istream<char, std::__1::char_traits<char> >::operator>>(int&)", referenced from:
      RandDemo() in RandDemo.o
  "std::__1::basic_ostream<char, std::__1::char_traits<char> >::put(char)", referenced from:
      std::__1::basic_ostream<char, std::__1::char_traits<char> >& std::__1::endl<char, std::__1::char_traits<char> >(std::__1::basic_ostream<char, std::__1::char_traits<char> >&) in BiggestUnInt.o
      std::__1::basic_ostream<char, std::__1::char_traits<char> >& std::__1::endl<char, std::__1::char_traits<char> >(std::__1::basic_ostream<char, std::__1::char_traits<char> >&) in RandDemo.o
      std::__1::basic_ostream<char, std::__1::char_traits<char> >& std::__1::endl<char, std::__1::char_traits<char> >(std::__1::basic_ostream<char, std::__1::char_traits<char> >&) in SimpleClass.o
  "std::__1::basic_ostream<char, std::__1::char_traits<char> >::flush()", referenced from:
      std::__1::basic_ostream<char, std::__1::char_traits<char> >& std::__1::endl<char, std::__1::char_traits<char> >(std::__1::basic_ostream<char, std::__1::char_traits<char> >&) in BiggestUnInt.o
      std::__1::basic_ostream<char, std::__1::char_traits<char> >& std::__1::endl<char, std::__1::char_traits<char> >(std::__1::basic_ostream<char, std::__1::char_traits<char> >&) in RandDemo.o
      std::__1::basic_ostream<char, std::__1::char_traits<char> >& std::__1::endl<char, std::__1::char_traits<char> >(std::__1::basic_ostream<char, std::__1::char_traits<char> >&) in SimpleClass.o
  "std::__1::basic_ostream<char, std::__1::char_traits<char> >::sentry::sentry(std::__1::basic_ostream<char, std::__1::char_traits<char> >&)", referenced from:
      std::__1::basic_ostream<char, std::__1::char_traits<char> >& std::__1::__put_character_sequence<char, std::__1::char_traits<char> >(std::__1::basic_ostream<char, std::__1::char_traits<char> >&, char const*, unsigned long) in BiggestUnInt.o
      std::__1::basic_ostream<char, std::__1::char_traits<char> >& std::__1::__put_character_sequence<char, std::__1::char_traits<char> >(std::__1::basic_ostream<char, std::__1::char_traits<char> >&, char const*, unsigned long) in HelloWorld.o
      std::__1::basic_ostream<char, std::__1::char_traits<char> >& std::__1::__put_character_sequence<char, std::__1::char_traits<char> >(std::__1::basic_ostream<char, std::__1::char_traits<char> >&, char const*, unsigned long) in RandDemo.o
      std::__1::basic_ostream<char, std::__1::char_traits<char> >& std::__1::__put_character_sequence<char, std::__1::char_traits<char> >(std::__1::basic_ostream<char, std::__1::char_traits<char> >&, char const*, unsigned long) in SimpleClass.o
  "std::__1::basic_ostream<char, std::__1::char_traits<char> >::sentry::~sentry()", referenced from:
      std::__1::basic_ostream<char, std::__1::char_traits<char> >& std::__1::__put_character_sequence<char, std::__1::char_traits<char> >(std::__1::basic_ostream<char, std::__1::char_traits<char> >&, char const*, unsigned long) in BiggestUnInt.o
      std::__1::basic_ostream<char, std::__1::char_traits<char> >& std::__1::__put_character_sequence<char, std::__1::char_traits<char> >(std::__1::basic_ostream<char, std::__1::char_traits<char> >&, char const*, unsigned long) in HelloWorld.o
      std::__1::basic_ostream<char, std::__1::char_traits<char> >& std::__1::__put_character_sequence<char, std::__1::char_traits<char> >(std::__1::basic_ostream<char, std::__1::char_traits<char> >&, char const*, unsigned long) in RandDemo.o
      std::__1::basic_ostream<char, std::__1::char_traits<char> >& std::__1::__put_character_sequence<char, std::__1::char_traits<char> >(std::__1::basic_ostream<char, std::__1::char_traits<char> >&, char const*, unsigned long) in SimpleClass.o
  "std::__1::basic_ostream<char, std::__1::char_traits<char> >::operator<<(double)", referenced from:
      RandDemo() in RandDemo.o
  "std::__1::basic_ostream<char, std::__1::char_traits<char> >::operator<<(int)", referenced from:
      _main in BiggestUnInt.o
      bitsout(unsigned int) in BiggestUnInt.o
      RandDemo() in RandDemo.o
      Date::print() in SimpleClass.o
  "std::__1::basic_ostream<char, std::__1::char_traits<char> >::operator<<(unsigned int)", referenced from:
      _main in BiggestUnInt.o
  "std::__1::cin", referenced from:
      RandDemo() in RandDemo.o
  "std::__1::cout", referenced from:
      _main in BiggestUnInt.o
      bitsout(unsigned int) in BiggestUnInt.o
      _main in HelloWorld.o
      RandDemo() in RandDemo.o
      Date::print() in SimpleClass.o
  "std::__1::ctype<char>::id", referenced from:
      std::__1::basic_ostream<char, std::__1::char_traits<char> >& std::__1::endl<char, std::__1::char_traits<char> >(std::__1::basic_ostream<char, std::__1::char_traits<char> >&) in BiggestUnInt.o
      std::__1::basic_ostream<char, std::__1::char_traits<char> >& std::__1::__put_character_sequence<char, std::__1::char_traits<char> >(std::__1::basic_ostream<char, std::__1::char_traits<char> >&, char const*, unsigned long) in BiggestUnInt.o
      std::__1::basic_ostream<char, std::__1::char_traits<char> >& std::__1::__put_character_sequence<char, std::__1::char_traits<char> >(std::__1::basic_ostream<char, std::__1::char_traits<char> >&, char const*, unsigned long) in HelloWorld.o
      std::__1::basic_ostream<char, std::__1::char_traits<char> >& std::__1::endl<char, std::__1::char_traits<char> >(std::__1::basic_ostream<char, std::__1::char_traits<char> >&) in RandDemo.o
      std::__1::basic_ostream<char, std::__1::char_traits<char> >& std::__1::__put_character_sequence<char, std::__1::char_traits<char> >(std::__1::basic_ostream<char, std::__1::char_traits<char> >&, char const*, unsigned long) in RandDemo.o
      std::__1::basic_ostream<char, std::__1::char_traits<char> >& std::__1::endl<char, std::__1::char_traits<char> >(std::__1::basic_ostream<char, std::__1::char_traits<char> >&) in SimpleClass.o
      std::__1::basic_ostream<char, std::__1::char_traits<char> >& std::__1::__put_character_sequence<char, std::__1::char_traits<char> >(std::__1::basic_ostream<char, std::__1::char_traits<char> >&, char const*, unsigned long) in SimpleClass.o
      ...
  "std::__1::locale::~locale()", referenced from:
      std::__1::basic_ostream<char, std::__1::char_traits<char> >& std::__1::endl<char, std::__1::char_traits<char> >(std::__1::basic_ostream<char, std::__1::char_traits<char> >&) in BiggestUnInt.o
      std::__1::basic_ostream<char, std::__1::char_traits<char> >& std::__1::__put_character_sequence<char, std::__1::char_traits<char> >(std::__1::basic_ostream<char, std::__1::char_traits<char> >&, char const*, unsigned long) in BiggestUnInt.o
      std::__1::basic_ostream<char, std::__1::char_traits<char> >& std::__1::__put_character_sequence<char, std::__1::char_traits<char> >(std::__1::basic_ostream<char, std::__1::char_traits<char> >&, char const*, unsigned long) in HelloWorld.o
      std::__1::basic_ostream<char, std::__1::char_traits<char> >& std::__1::endl<char, std::__1::char_traits<char> >(std::__1::basic_ostream<char, std::__1::char_traits<char> >&) in RandDemo.o
      std::__1::basic_ostream<char, std::__1::char_traits<char> >& std::__1::__put_character_sequence<char, std::__1::char_traits<char> >(std::__1::basic_ostream<char, std::__1::char_traits<char> >&, char const*, unsigned long) in RandDemo.o
      std::__1::basic_ostream<char, std::__1::char_traits<char> >& std::__1::endl<char, std::__1::char_traits<char> >(std::__1::basic_ostream<char, std::__1::char_traits<char> >&) in SimpleClass.o
      std::__1::basic_ostream<char, std::__1::char_traits<char> >& std::__1::__put_character_sequence<char, std::__1::char_traits<char> >(std::__1::basic_ostream<char, std::__1::char_traits<char> >&, char const*, unsigned long) in SimpleClass.o
      ...
  "std::__1::ios_base::__set_badbit_and_consider_rethrow()", referenced from:
      std::__1::basic_ostream<char, std::__1::char_traits<char> >& std::__1::__put_character_sequence<char, std::__1::char_traits<char> >(std::__1::basic_ostream<char, std::__1::char_traits<char> >&, char const*, unsigned long) in BiggestUnInt.o
      std::__1::basic_ostream<char, std::__1::char_traits<char> >& std::__1::__put_character_sequence<char, std::__1::char_traits<char> >(std::__1::basic_ostream<char, std::__1::char_traits<char> >&, char const*, unsigned long) in HelloWorld.o
      std::__1::basic_ostream<char, std::__1::char_traits<char> >& std::__1::__put_character_sequence<char, std::__1::char_traits<char> >(std::__1::basic_ostream<char, std::__1::char_traits<char> >&, char const*, unsigned long) in RandDemo.o
      std::__1::basic_ostream<char, std::__1::char_traits<char> >& std::__1::__put_character_sequence<char, std::__1::char_traits<char> >(std::__1::basic_ostream<char, std::__1::char_traits<char> >&, char const*, unsigned long) in SimpleClass.o
  "std::__1::ios_base::clear(unsigned int)", referenced from:
      std::__1::basic_ostream<char, std::__1::char_traits<char> >& std::__1::__put_character_sequence<char, std::__1::char_traits<char> >(std::__1::basic_ostream<char, std::__1::char_traits<char> >&, char const*, unsigned long) in BiggestUnInt.o
      std::__1::basic_ostream<char, std::__1::char_traits<char> >& std::__1::__put_character_sequence<char, std::__1::char_traits<char> >(std::__1::basic_ostream<char, std::__1::char_traits<char> >&, char const*, unsigned long) in HelloWorld.o
      std::__1::basic_ostream<char, std::__1::char_traits<char> >& std::__1::__put_character_sequence<char, std::__1::char_traits<char> >(std::__1::basic_ostream<char, std::__1::char_traits<char> >&, char const*, unsigned long) in RandDemo.o
      std::__1::basic_ostream<char, std::__1::char_traits<char> >& std::__1::__put_character_sequence<char, std::__1::char_traits<char> >(std::__1::basic_ostream<char, std::__1::char_traits<char> >&, char const*, unsigned long) in SimpleClass.o
  "std::terminate()", referenced from:
      ___clang_call_terminate in BiggestUnInt.o
      ___clang_call_terminate in HelloWorld.o
      ___clang_call_terminate in RandDemo.o
      ___clang_call_terminate in SimpleClass.o
  "___cxa_begin_catch", referenced from:
      std::__1::basic_ostream<char, std::__1::char_traits<char> >& std::__1::__put_character_sequence<char, std::__1::char_traits<char> >(std::__1::basic_ostream<char, std::__1::char_traits<char> >&, char const*, unsigned long) in BiggestUnInt.o
      ___clang_call_terminate in BiggestUnInt.o
      std::__1::basic_ostream<char, std::__1::char_traits<char> >& std::__1::__put_character_sequence<char, std::__1::char_traits<char> >(std::__1::basic_ostream<char, std::__1::char_traits<char> >&, char const*, unsigned long) in HelloWorld.o
      ___clang_call_terminate in HelloWorld.o
      std::__1::basic_ostream<char, std::__1::char_traits<char> >& std::__1::__put_character_sequence<char, std::__1::char_traits<char> >(std::__1::basic_ostream<char, std::__1::char_traits<char> >&, char const*, unsigned long) in RandDemo.o
      ___clang_call_terminate in RandDemo.o
      std::__1::basic_ostream<char, std::__1::char_traits<char> >& std::__1::__put_character_sequence<char, std::__1::char_traits<char> >(std::__1::basic_ostream<char, std::__1::char_traits<char> >&, char const*, unsigned long) in SimpleClass.o
      ...
  "___cxa_end_catch", referenced from:
      std::__1::basic_ostream<char, std::__1::char_traits<char> >& std::__1::__put_character_sequence<char, std::__1::char_traits<char> >(std::__1::basic_ostream<char, std::__1::char_traits<char> >&, char const*, unsigned long) in BiggestUnInt.o
      std::__1::basic_ostream<char, std::__1::char_traits<char> >& std::__1::__put_character_sequence<char, std::__1::char_traits<char> >(std::__1::basic_ostream<char, std::__1::char_traits<char> >&, char const*, unsigned long) in HelloWorld.o
      std::__1::basic_ostream<char, std::__1::char_traits<char> >& std::__1::__put_character_sequence<char, std::__1::char_traits<char> >(std::__1::basic_ostream<char, std::__1::char_traits<char> >&, char const*, unsigned long) in RandDemo.o
      std::__1::basic_ostream<char, std::__1::char_traits<char> >& std::__1::__put_character_sequence<char, std::__1::char_traits<char> >(std::__1::basic_ostream<char, std::__1::char_traits<char> >&, char const*, unsigned long) in SimpleClass.o
  "___gxx_personality_v0", referenced from:
      std::__1::basic_ostream<char, std::__1::char_traits<char> >& std::__1::endl<char, std::__1::char_traits<char> >(std::__1::basic_ostream<char, std::__1::char_traits<char> >&) in BiggestUnInt.o
      std::__1::basic_ostream<char, std::__1::char_traits<char> >& std::__1::__put_character_sequence<char, std::__1::char_traits<char> >(std::__1::basic_ostream<char, std::__1::char_traits<char> >&, char const*, unsigned long) in BiggestUnInt.o
      std::__1::ostreambuf_iterator<char, std::__1::char_traits<char> > std::__1::__pad_and_output<char, std::__1::char_traits<char> >(std::__1::ostreambuf_iterator<char, std::__1::char_traits<char> >, char const*, char const*, char const*, std::__1::ios_base&, char) in BiggestUnInt.o
      Dwarf Exception Unwind Info (__eh_frame) in BiggestUnInt.o
      std::__1::basic_ostream<char, std::__1::char_traits<char> >& std::__1::__put_character_sequence<char, std::__1::char_traits<char> >(std::__1::basic_ostream<char, std::__1::char_traits<char> >&, char const*, unsigned long) in HelloWorld.o
      std::__1::ostreambuf_iterator<char, std::__1::char_traits<char> > std::__1::__pad_and_output<char, std::__1::char_traits<char> >(std::__1::ostreambuf_iterator<char, std::__1::char_traits<char> >, char const*, char const*, char const*, std::__1::ios_base&, char) in HelloWorld.o
      Dwarf Exception Unwind Info (__eh_frame) in HelloWorld.o
      ...
ld: symbol(s) not found for architecture x86_64
clang: error: linker command failed with exit code 1 (use -v to see invocation)
